<?xml version="1.0" encoding="UTF-8"?>
<!-- Generated by org.testng.reporters.JUnitReportReporter -->
<testsuite hostname="Y-BISWAL" failures="0" tests="1" name="com.Actitime.TestCases.Actitime_LoginLogout" time="9.353" errors="0" timestamp="2023-06-14T11:37:49 IST" skipped="0">
  <testcase classname="com.Actitime.TestCases.Actitime_LoginLogout" name="LoginLogout" time="9.353"/>
  <system-out/>
</testsuite> <!-- com.Actitime.TestCases.Actitime_LoginLogout -->
